<?xml version="1.0" encoding="UTF-8"?>
<!-- Generated by org.testng.reporters.JUnitReportReporter -->
<testsuite hostname="KG-GSSL1189" failures="0" tests="1" name="com.kgisl.bank.BankAccountTest" time="0.008" errors="0" timestamp="2023-01-25T09:41:45 IST" skipped="0">
  <testcase classname="com.kgisl.bank.BankAccountTest" name="negativeTest" time="0.008"/>
  <system-out/>
</testsuite> <!-- com.kgisl.bank.BankAccountTest -->
