<?xml version="1.0" encoding="UTF-8"?>
<!-- Generated by org.testng.reporters.JUnitReportReporter -->
<testsuite skipped="0" hostname="KG-GSSL1189" name="com.kgisl.bank.FixedDepositTest" tests="1" failures="0" timestamp="2023-01-24T10:51:04 IST" time="0.006" errors="0">
  <testcase name="test" time="0.006" classname="com.kgisl.bank.FixedDepositTest"/>
  <system-out/>
</testsuite> <!-- com.kgisl.bank.FixedDepositTest -->
